demo-translate/build/outputs/logs/manifest-merger-debug-report.txt
-- Merging decision tree log ---
manifest
ADDED from YouDao/demo-translate/AndroidManifest.xml:2:1-81:12
	package
		ADDED from YouDao/demo-translate/AndroidManifest.xml:3:5-45
	android:versionName
		ADDED from YouDao/demo-translate/AndroidManifest.xml:5:5-30
		INJECTED from YouDao/demo-translate/AndroidManifest.xml
		INJECTED from YouDao/demo-translate/AndroidManifest.xml
	android:versionCode
		ADDED from YouDao/demo-translate/AndroidManifest.xml:4:5-28
		INJECTED from YouDao/demo-translate/AndroidManifest.xml
		INJECTED from YouDao/demo-translate/AndroidManifest.xml
	xmlns:android
		ADDED from YouDao/demo-translate/AndroidManifest.xml:2:11-69
uses-sdk
ADDED from YouDao/demo-translate/AndroidManifest.xml:7:5-9:41
	android:targetSdkVersion
		ADDED from YouDao/demo-translate/AndroidManifest.xml:9:9-38
		INJECTED from YouDao/demo-translate/AndroidManifest.xml
		INJECTED from YouDao/demo-translate/AndroidManifest.xml
	android:minSdkVersion
		ADDED from YouDao/demo-translate/AndroidManifest.xml:8:9-35
		INJECTED from YouDao/demo-translate/AndroidManifest.xml
		INJECTED from YouDao/demo-translate/AndroidManifest.xml
uses-permission#android.permission.INTERNET
ADDED from YouDao/demo-translate/AndroidManifest.xml:12:5-67
	android:name
		ADDED from YouDao/demo-translate/AndroidManifest.xml:12:22-64
uses-permission#android.permission.ACCESS_WIFI_STATE
ADDED from YouDao/demo-translate/AndroidManifest.xml:14:5-76
	android:name
		ADDED from YouDao/demo-translate/AndroidManifest.xml:14:22-73
uses-permission#android.permission.ACCESS_NETWORK_STATE
ADDED from YouDao/demo-translate/AndroidManifest.xml:16:5-79
	android:name
		ADDED from YouDao/demo-translate/AndroidManifest.xml:16:22-76
uses-permission#android.permission.READ_PHONE_STATE
ADDED from YouDao/demo-translate/AndroidManifest.xml:19:5-75
	android:name
		ADDED from YouDao/demo-translate/AndroidManifest.xml:19:22-72
uses-permission#android.permission.WRITE_EXTERNAL_STORAGE
ADDED from YouDao/demo-translate/AndroidManifest.xml:22:5-81
	android:name
		ADDED from YouDao/demo-translate/AndroidManifest.xml:22:22-78
uses-permission#android.permission.READ_EXTERNAL_STORAGE
ADDED from YouDao/demo-translate/AndroidManifest.xml:23:5-80
	android:name
		ADDED from YouDao/demo-translate/AndroidManifest.xml:23:22-77
uses-permission#android.permission.ACCESS_COARSE_LOCATION
ADDED from YouDao/demo-translate/AndroidManifest.xml:26:5-81
	android:name
		ADDED from YouDao/demo-translate/AndroidManifest.xml:26:22-78
uses-permission#android.permission.ACCESS_FINE_LOCATION
ADDED from YouDao/demo-translate/AndroidManifest.xml:27:5-79
	android:name
		ADDED from YouDao/demo-translate/AndroidManifest.xml:27:22-76
uses-permission#android.permission.SET_DEBUG_APP
ADDED from YouDao/demo-translate/AndroidManifest.xml:28:5-72
	android:name
		ADDED from YouDao/demo-translate/AndroidManifest.xml:28:22-69
application
ADDED from YouDao/demo-translate/AndroidManifest.xml:30:6-77:19
	android:label
		ADDED from YouDao/demo-translate/AndroidManifest.xml:34:9-41
	android:allowBackup
		ADDED from YouDao/demo-translate/AndroidManifest.xml:32:9-36
	android:icon
		ADDED from YouDao/demo-translate/AndroidManifest.xml:33:9-45
	android:name
		ADDED from YouDao/demo-translate/AndroidManifest.xml:31:9-70
activity#com.youdao.sdk.ydtranslatedemo.MainActivity
ADDED from YouDao/demo-translate/AndroidManifest.xml:35:9-44:20
	android:configChanges
		ADDED from YouDao/demo-translate/AndroidManifest.xml:37:13-74
	android:theme
		ADDED from YouDao/demo-translate/AndroidManifest.xml:38:13-71
	android:name
		ADDED from YouDao/demo-translate/AndroidManifest.xml:36:13-71
intent-filter#android.intent.action.MAIN+android.intent.category.LAUNCHER
ADDED from YouDao/demo-translate/AndroidManifest.xml:39:13-43:29
action#android.intent.action.MAIN
ADDED from YouDao/demo-translate/AndroidManifest.xml:40:17-69
	android:name
		ADDED from YouDao/demo-translate/AndroidManifest.xml:40:25-66
category#android.intent.category.LAUNCHER
ADDED from YouDao/demo-translate/AndroidManifest.xml:42:17-77
	android:name
		ADDED from YouDao/demo-translate/AndroidManifest.xml:42:27-74
activity#com.youdao.sdk.ydtranslatedemo.TranslateActivity
ADDED from YouDao/demo-translate/AndroidManifest.xml:46:11-49:20
	android:theme
		ADDED from YouDao/demo-translate/AndroidManifest.xml:48:13-48
	android:name
		ADDED from YouDao/demo-translate/AndroidManifest.xml:47:13-76
activity#com.youdao.sdk.ydtranslatedemo.TranslateDetailActivity
ADDED from YouDao/demo-translate/AndroidManifest.xml:51:9-54:20
	android:theme
		ADDED from YouDao/demo-translate/AndroidManifest.xml:53:13-48
	android:name
		ADDED from YouDao/demo-translate/AndroidManifest.xml:52:13-82
activity#com.youdao.sdk.ydtranslatedemo.TranslateOfflineLineActivity
ADDED from YouDao/demo-translate/AndroidManifest.xml:56:11-59:20
	android:theme
		ADDED from YouDao/demo-translate/AndroidManifest.xml:58:13-48
	android:name
		ADDED from YouDao/demo-translate/AndroidManifest.xml:57:13-87
activity#com.youdao.sdk.ydtranslatedemo.TranslateOfflineWordActivity
ADDED from YouDao/demo-translate/AndroidManifest.xml:61:10-64:20
	android:theme
		ADDED from YouDao/demo-translate/AndroidManifest.xml:63:13-48
	android:name
		ADDED from YouDao/demo-translate/AndroidManifest.xml:62:13-87
activity#com.youdao.sdk.ydtranslatedemo.MyBrowser
ADDED from YouDao/demo-translate/AndroidManifest.xml:66:11-69:20
	android:theme
		ADDED from YouDao/demo-translate/AndroidManifest.xml:68:13-48
	android:name
		ADDED from YouDao/demo-translate/AndroidManifest.xml:67:13-68
activity#com.youdao.sdk.ydtranslatedemo.HanyuActivity
ADDED from YouDao/demo-translate/AndroidManifest.xml:72:9-75:20
	android:theme
		ADDED from YouDao/demo-translate/AndroidManifest.xml:74:13-48
	android:name
		ADDED from YouDao/demo-translate/AndroidManifest.xml:73:13-72